<?xml version="1.0" encoding="UTF-8"?>
<!-- Generated by org.testng.reporters.JUnitXMLReporter -->
<testsuite ignored="0" hostname="RR23" failures="1" tests="16" name="Test" time="345.017" errors="0" timestamp="2024-02-07T23:12:20 GMT+05:30">
  <testcase classname="tests.LoginTest" name="loginTestInValidPassword" time="1.145"/>
  <testcase classname="tests.LoginTest" name="loginTestInValidUsername" time="1.151"/>
  <testcase classname="tests.LoginTest" name="loginTestInValidUsernamePassword" time="6.772"/>
  <testcase classname="tests.LoginTest" name="loginTestValidUsernamePassword" time="2.263"/>
  <testcase classname="tests.HomePageTest" name="verifyApplyLeaveBtnTest" time="1.286"/>
  <testcase classname="tests.HomePageTest" name="verifyAssignLeaveBtnTest" time="2.655"/>
  <testcase classname="tests.HomePageTest" name="verifyHomePageTitleTest" time="0.012"/>
  <testcase classname="tests.HomePageTest" name="verifyLeaveListBtnTest" time="2.431"/>
  <testcase classname="tests.HomePageTest" name="verifyMyLeaveBtnTest" time="2.379"/>
  <testcase classname="tests.HomePageTest" name="verifyMyTimesheetsBtnTest" time="3.445"/>
  <testcase classname="tests.HomePageTest" name="verifyTimesheetsBtnTest" time="2.416"/>
  <testcase classname="tests.HomePageTest" name="verifyUsernameIsDisplayed" time="0.479">
    <failure type="java.lang.AssertionError" message="Incorrect username is displayed expected [Rahul] but found [Test 2 Ross]">
      <![CDATA[java.lang.AssertionError: Incorrect username is displayed expected [Rahul] but found [Test 2 Ross]
at tests.HomePageTest.verifyUsernameIsDisplayed(HomePageTest.java:125)
at java.base/java.util.ArrayList.forEach(ArrayList.java:1511)
... Removed 32 stack frames]]>
    </failure>
  </testcase> <!-- verifyUsernameIsDisplayed -->
  <testcase classname="tests.AdminPageTest" name="adminBreadcrumbTest" time="0.544"/>
  <testcase classname="tests.AdminPageTest" name="urlTest" time="0.055"/>
  <testcase classname="tests.AdminPageTest" name="verifyFooterLink" time="0.47"/>
  <testcase classname="tests.AdminPageTest" name="verifyJobTitleHeading" time="2.391"/>
</testsuite> <!-- Test -->
