<?xml version="1.0" encoding="UTF-8"?>
<!-- Generated by org.testng.reporters.JUnitXMLReporter -->
<testsuite ignored="0" hostname="RR23" failures="1" tests="16" name="Test" time="188.656" errors="0" timestamp="2024-02-06T18:45:01 GMT+05:30">
  <testcase classname="tests.LoginTest" name="loginTestInValidPassword" time="1.99"/>
  <testcase classname="tests.LoginTest" name="loginTestInValidUsername" time="0.787"/>
  <testcase classname="tests.LoginTest" name="loginTestInValidUsernamePassword" time="0.89"/>
  <testcase classname="tests.LoginTest" name="loginTestValidUsernamePassword" time="2.015"/>
  <testcase classname="tests.HomePageTest" name="verifyApplyLeaveBtnTest" time="1.31"/>
  <testcase classname="tests.HomePageTest" name="verifyAssignLeaveBtnTest" time="1.294"/>
  <testcase classname="tests.HomePageTest" name="verifyHomePageTitleTest" time="0.016"/>
  <testcase classname="tests.HomePageTest" name="verifyLeaveListBtnTest" time="1.404"/>
  <testcase classname="tests.HomePageTest" name="verifyMyLeaveBtnTest" time="1.35"/>
  <testcase classname="tests.HomePageTest" name="verifyMyTimesheetsBtnTest" time="1.169"/>
  <testcase classname="tests.HomePageTest" name="verifyTimesheetsBtnTest" time="1.883"/>
  <testcase classname="tests.HomePageTest" name="verifyUsernameIsDisplayed" time="0.559">
    <failure type="java.lang.AssertionError" message="In-correct username is displayed expected [Rahul] but found [raghunath reddy]">
      <![CDATA[java.lang.AssertionError: In-correct username is displayed expected [Rahul] but found [raghunath reddy]
at tests.HomePageTest.verifyUsernameIsDisplayed(HomePageTest.java:67)
at java.base/java.util.ArrayList.forEach(ArrayList.java:1511)
... Removed 36 stack frames]]>
    </failure>
  </testcase> <!-- verifyUsernameIsDisplayed -->
  <testcase classname="tests.AdminPageTest" name="adminBreadcrumbTest" time="0.643"/>
  <testcase classname="tests.AdminPageTest" name="urlTest" time="0.011"/>
  <testcase classname="tests.AdminPageTest" name="verifyFooterLink" time="0.546"/>
  <testcase classname="tests.AdminPageTest" name="verifyJobTitleHeading" time="1.566"/>
</testsuite> <!-- Test -->
