<?xml version="1.0" encoding="UTF-8"?>
<testng-results ignored="0" total="16" passed="15" failed="1" skipped="0">
  <reporter-output>
  </reporter-output>
  <suite started-at="2024-02-06T18:41:53 GMT+05:30" name="Suite" finished-at="2024-02-06T18:45:01 GMT+05:30" duration-ms="188656">
    <groups>
    </groups>
    <test started-at="2024-02-06T18:41:53 GMT+05:30" name="Test" finished-at="2024-02-06T18:45:01 GMT+05:30" duration-ms="188656">
      <class name="tests.LoginTest">
        <test-method is-config="true" signature="setUp()[pri:0, instance:tests.LoginTest@a50ae65]" started-at="2024-02-06T18:41:53 GMT+05:30" name="setUp" finished-at="2024-02-06T18:42:11 GMT+05:30" duration-ms="18411" status="PASS">
          <reporter-output>
          </reporter-output>
        </test-method> <!-- setUp -->
        <test-method signature="loginTestInValidPassword()[pri:0, instance:tests.LoginTest@a50ae65]" started-at="2024-02-06T18:42:12 GMT+05:30" name="loginTestInValidPassword" finished-at="2024-02-06T18:42:14 GMT+05:30" duration-ms="1990" status="PASS">
          <reporter-output>
          </reporter-output>
        </test-method> <!-- loginTestInValidPassword -->
        <test-method is-config="true" signature="tearDown()[pri:0, instance:tests.LoginTest@a50ae65]" started-at="2024-02-06T18:42:14 GMT+05:30" name="tearDown" finished-at="2024-02-06T18:42:14 GMT+05:30" duration-ms="498" status="PASS">
          <reporter-output>
          </reporter-output>
        </test-method> <!-- tearDown -->
        <test-method is-config="true" signature="setUp()[pri:0, instance:tests.LoginTest@a50ae65]" started-at="2024-02-06T18:42:14 GMT+05:30" name="setUp" finished-at="2024-02-06T18:42:21 GMT+05:30" duration-ms="7405" status="PASS">
          <reporter-output>
          </reporter-output>
        </test-method> <!-- setUp -->
        <test-method signature="loginTestInValidUsername()[pri:0, instance:tests.LoginTest@a50ae65]" started-at="2024-02-06T18:42:21 GMT+05:30" name="loginTestInValidUsername" finished-at="2024-02-06T18:42:22 GMT+05:30" duration-ms="787" status="PASS">
          <reporter-output>
          </reporter-output>
        </test-method> <!-- loginTestInValidUsername -->
        <test-method is-config="true" signature="tearDown()[pri:0, instance:tests.LoginTest@a50ae65]" started-at="2024-02-06T18:42:22 GMT+05:30" name="tearDown" finished-at="2024-02-06T18:42:23 GMT+05:30" duration-ms="438" status="PASS">
          <reporter-output>
          </reporter-output>
        </test-method> <!-- tearDown -->
        <test-method is-config="true" signature="setUp()[pri:0, instance:tests.LoginTest@a50ae65]" started-at="2024-02-06T18:42:23 GMT+05:30" name="setUp" finished-at="2024-02-06T18:42:29 GMT+05:30" duration-ms="6717" status="PASS">
          <reporter-output>
          </reporter-output>
        </test-method> <!-- setUp -->
        <test-method signature="loginTestInValidUsernamePassword()[pri:0, instance:tests.LoginTest@a50ae65]" started-at="2024-02-06T18:42:29 GMT+05:30" name="loginTestInValidUsernamePassword" finished-at="2024-02-06T18:42:30 GMT+05:30" duration-ms="890" status="PASS">
          <reporter-output>
          </reporter-output>
        </test-method> <!-- loginTestInValidUsernamePassword -->
        <test-method is-config="true" signature="tearDown()[pri:0, instance:tests.LoginTest@a50ae65]" started-at="2024-02-06T18:42:30 GMT+05:30" name="tearDown" finished-at="2024-02-06T18:42:31 GMT+05:30" duration-ms="539" status="PASS">
          <reporter-output>
          </reporter-output>
        </test-method> <!-- tearDown -->
        <test-method is-config="true" signature="setUp()[pri:0, instance:tests.LoginTest@a50ae65]" started-at="2024-02-06T18:42:31 GMT+05:30" name="setUp" finished-at="2024-02-06T18:42:38 GMT+05:30" duration-ms="6633" status="PASS">
          <reporter-output>
          </reporter-output>
        </test-method> <!-- setUp -->
        <test-method signature="loginTestValidUsernamePassword()[pri:0, instance:tests.LoginTest@a50ae65]" started-at="2024-02-06T18:42:38 GMT+05:30" name="loginTestValidUsernamePassword" finished-at="2024-02-06T18:42:40 GMT+05:30" duration-ms="2015" status="PASS">
          <reporter-output>
          </reporter-output>
        </test-method> <!-- loginTestValidUsernamePassword -->
        <test-method is-config="true" signature="tearDown()[pri:0, instance:tests.LoginTest@a50ae65]" started-at="2024-02-06T18:42:40 GMT+05:30" name="tearDown" finished-at="2024-02-06T18:42:40 GMT+05:30" duration-ms="455" status="PASS">
          <reporter-output>
          </reporter-output>
        </test-method> <!-- tearDown -->
      </class> <!-- tests.LoginTest -->
      <class name="tests.HomePageTest">
        <test-method is-config="true" signature="setUp()[pri:0, instance:tests.HomePageTest@7cedfa63]" started-at="2024-02-06T18:42:40 GMT+05:30" name="setUp" finished-at="2024-02-06T18:42:51 GMT+05:30" duration-ms="10607" status="PASS">
          <reporter-output>
          </reporter-output>
        </test-method> <!-- setUp -->
        <test-method signature="verifyApplyLeaveBtnTest()[pri:0, instance:tests.HomePageTest@7cedfa63]" started-at="2024-02-06T18:42:51 GMT+05:30" name="verifyApplyLeaveBtnTest" finished-at="2024-02-06T18:42:52 GMT+05:30" duration-ms="1310" status="PASS">
          <reporter-output>
          </reporter-output>
        </test-method> <!-- verifyApplyLeaveBtnTest -->
        <test-method is-config="true" signature="tearDown()[pri:0, instance:tests.HomePageTest@7cedfa63]" started-at="2024-02-06T18:42:52 GMT+05:30" name="tearDown" finished-at="2024-02-06T18:42:52 GMT+05:30" duration-ms="386" status="PASS">
          <reporter-output>
          </reporter-output>
        </test-method> <!-- tearDown -->
        <test-method is-config="true" signature="setUp()[pri:0, instance:tests.HomePageTest@7cedfa63]" started-at="2024-02-06T18:42:52 GMT+05:30" name="setUp" finished-at="2024-02-06T18:43:02 GMT+05:30" duration-ms="10146" status="PASS">
          <reporter-output>
          </reporter-output>
        </test-method> <!-- setUp -->
        <test-method signature="verifyAssignLeaveBtnTest()[pri:0, instance:tests.HomePageTest@7cedfa63]" started-at="2024-02-06T18:43:02 GMT+05:30" name="verifyAssignLeaveBtnTest" finished-at="2024-02-06T18:43:04 GMT+05:30" duration-ms="1294" status="PASS">
          <reporter-output>
          </reporter-output>
        </test-method> <!-- verifyAssignLeaveBtnTest -->
        <test-method is-config="true" signature="tearDown()[pri:0, instance:tests.HomePageTest@7cedfa63]" started-at="2024-02-06T18:43:04 GMT+05:30" name="tearDown" finished-at="2024-02-06T18:43:04 GMT+05:30" duration-ms="433" status="PASS">
          <reporter-output>
          </reporter-output>
        </test-method> <!-- tearDown -->
        <test-method is-config="true" signature="setUp()[pri:0, instance:tests.HomePageTest@7cedfa63]" started-at="2024-02-06T18:43:04 GMT+05:30" name="setUp" finished-at="2024-02-06T18:43:14 GMT+05:30" duration-ms="9767" status="PASS">
          <reporter-output>
          </reporter-output>
        </test-method> <!-- setUp -->
        <test-method signature="verifyHomePageTitleTest()[pri:0, instance:tests.HomePageTest@7cedfa63]" started-at="2024-02-06T18:43:14 GMT+05:30" name="verifyHomePageTitleTest" finished-at="2024-02-06T18:43:14 GMT+05:30" duration-ms="16" status="PASS">
          <reporter-output>
          </reporter-output>
        </test-method> <!-- verifyHomePageTitleTest -->
        <test-method is-config="true" signature="tearDown()[pri:0, instance:tests.HomePageTest@7cedfa63]" started-at="2024-02-06T18:43:14 GMT+05:30" name="tearDown" finished-at="2024-02-06T18:43:14 GMT+05:30" duration-ms="429" status="PASS">
          <reporter-output>
          </reporter-output>
        </test-method> <!-- tearDown -->
        <test-method is-config="true" signature="setUp()[pri:0, instance:tests.HomePageTest@7cedfa63]" started-at="2024-02-06T18:43:14 GMT+05:30" name="setUp" finished-at="2024-02-06T18:43:25 GMT+05:30" duration-ms="10181" status="PASS">
          <reporter-output>
          </reporter-output>
        </test-method> <!-- setUp -->
        <test-method signature="verifyLeaveListBtnTest()[pri:0, instance:tests.HomePageTest@7cedfa63]" started-at="2024-02-06T18:43:25 GMT+05:30" name="verifyLeaveListBtnTest" finished-at="2024-02-06T18:43:26 GMT+05:30" duration-ms="1404" status="PASS">
          <reporter-output>
          </reporter-output>
        </test-method> <!-- verifyLeaveListBtnTest -->
        <test-method is-config="true" signature="tearDown()[pri:0, instance:tests.HomePageTest@7cedfa63]" started-at="2024-02-06T18:43:26 GMT+05:30" name="tearDown" finished-at="2024-02-06T18:43:26 GMT+05:30" duration-ms="438" status="PASS">
          <reporter-output>
          </reporter-output>
        </test-method> <!-- tearDown -->
        <test-method is-config="true" signature="setUp()[pri:0, instance:tests.HomePageTest@7cedfa63]" started-at="2024-02-06T18:43:27 GMT+05:30" name="setUp" finished-at="2024-02-06T18:43:38 GMT+05:30" duration-ms="11394" status="PASS">
          <reporter-output>
          </reporter-output>
        </test-method> <!-- setUp -->
        <test-method signature="verifyMyLeaveBtnTest()[pri:0, instance:tests.HomePageTest@7cedfa63]" started-at="2024-02-06T18:43:38 GMT+05:30" name="verifyMyLeaveBtnTest" finished-at="2024-02-06T18:43:39 GMT+05:30" duration-ms="1350" status="PASS">
          <reporter-output>
          </reporter-output>
        </test-method> <!-- verifyMyLeaveBtnTest -->
        <test-method is-config="true" signature="tearDown()[pri:0, instance:tests.HomePageTest@7cedfa63]" started-at="2024-02-06T18:43:39 GMT+05:30" name="tearDown" finished-at="2024-02-06T18:43:40 GMT+05:30" duration-ms="430" status="PASS">
          <reporter-output>
          </reporter-output>
        </test-method> <!-- tearDown -->
        <test-method is-config="true" signature="setUp()[pri:0, instance:tests.HomePageTest@7cedfa63]" started-at="2024-02-06T18:43:40 GMT+05:30" name="setUp" finished-at="2024-02-06T18:43:49 GMT+05:30" duration-ms="8784" status="PASS">
          <reporter-output>
          </reporter-output>
        </test-method> <!-- setUp -->
        <test-method signature="verifyMyTimesheetsBtnTest()[pri:0, instance:tests.HomePageTest@7cedfa63]" started-at="2024-02-06T18:43:49 GMT+05:30" name="verifyMyTimesheetsBtnTest" finished-at="2024-02-06T18:43:50 GMT+05:30" duration-ms="1169" status="PASS">
          <reporter-output>
          </reporter-output>
        </test-method> <!-- verifyMyTimesheetsBtnTest -->
        <test-method is-config="true" signature="tearDown()[pri:0, instance:tests.HomePageTest@7cedfa63]" started-at="2024-02-06T18:43:50 GMT+05:30" name="tearDown" finished-at="2024-02-06T18:43:50 GMT+05:30" duration-ms="432" status="PASS">
          <reporter-output>
          </reporter-output>
        </test-method> <!-- tearDown -->
        <test-method is-config="true" signature="setUp()[pri:0, instance:tests.HomePageTest@7cedfa63]" started-at="2024-02-06T18:43:50 GMT+05:30" name="setUp" finished-at="2024-02-06T18:44:00 GMT+05:30" duration-ms="9960" status="PASS">
          <reporter-output>
          </reporter-output>
        </test-method> <!-- setUp -->
        <test-method signature="verifyTimesheetsBtnTest()[pri:0, instance:tests.HomePageTest@7cedfa63]" started-at="2024-02-06T18:44:00 GMT+05:30" name="verifyTimesheetsBtnTest" finished-at="2024-02-06T18:44:02 GMT+05:30" duration-ms="1883" status="PASS">
          <reporter-output>
          </reporter-output>
        </test-method> <!-- verifyTimesheetsBtnTest -->
        <test-method is-config="true" signature="tearDown()[pri:0, instance:tests.HomePageTest@7cedfa63]" started-at="2024-02-06T18:44:02 GMT+05:30" name="tearDown" finished-at="2024-02-06T18:44:03 GMT+05:30" duration-ms="454" status="PASS">
          <reporter-output>
          </reporter-output>
        </test-method> <!-- tearDown -->
        <test-method is-config="true" signature="setUp()[pri:0, instance:tests.HomePageTest@7cedfa63]" started-at="2024-02-06T18:44:03 GMT+05:30" name="setUp" finished-at="2024-02-06T18:44:11 GMT+05:30" duration-ms="8852" status="PASS">
          <reporter-output>
          </reporter-output>
        </test-method> <!-- setUp -->
        <test-method signature="verifyUsernameIsDisplayed()[pri:0, instance:tests.HomePageTest@7cedfa63]" started-at="2024-02-06T18:44:11 GMT+05:30" name="verifyUsernameIsDisplayed" finished-at="2024-02-06T18:44:12 GMT+05:30" duration-ms="559" status="FAIL">
          <exception class="java.lang.AssertionError">
            <message>
              <![CDATA[In-correct username is displayed expected [Rahul] but found [raghunath reddy]]]>
            </message>
            <full-stacktrace>
              <![CDATA[java.lang.AssertionError: In-correct username is displayed expected [Rahul] but found [raghunath reddy]
at org.testng.Assert.fail(Assert.java:111)
at org.testng.Assert.failNotEquals(Assert.java:1578)
at org.testng.Assert.assertEqualsImpl(Assert.java:150)
at org.testng.Assert.assertEquals(Assert.java:132)
at org.testng.Assert.assertEquals(Assert.java:656)
at tests.HomePageTest.verifyUsernameIsDisplayed(HomePageTest.java:67)
at java.base/jdk.internal.reflect.NativeMethodAccessorImpl.invoke0(Native Method)
at java.base/jdk.internal.reflect.NativeMethodAccessorImpl.invoke(NativeMethodAccessorImpl.java:77)
at java.base/jdk.internal.reflect.DelegatingMethodAccessorImpl.invoke(DelegatingMethodAccessorImpl.java:43)
at java.base/java.lang.reflect.Method.invoke(Method.java:568)
at org.testng.internal.invokers.MethodInvocationHelper.invokeMethod(MethodInvocationHelper.java:139)
at org.testng.internal.invokers.TestInvoker.invokeMethod(TestInvoker.java:664)
at org.testng.internal.invokers.TestInvoker.invokeTestMethod(TestInvoker.java:227)
at org.testng.internal.invokers.MethodRunner.runInSequence(MethodRunner.java:50)
at org.testng.internal.invokers.TestInvoker$MethodInvocationAgent.invoke(TestInvoker.java:957)
at org.testng.internal.invokers.TestInvoker.invokeTestMethods(TestInvoker.java:200)
at org.testng.internal.invokers.TestMethodWorker.invokeTestMethods(TestMethodWorker.java:148)
at org.testng.internal.invokers.TestMethodWorker.run(TestMethodWorker.java:128)
at java.base/java.util.ArrayList.forEach(ArrayList.java:1511)
at org.testng.TestRunner.privateRun(TestRunner.java:848)
at org.testng.TestRunner.run(TestRunner.java:621)
at org.testng.SuiteRunner.runTest(SuiteRunner.java:443)
at org.testng.SuiteRunner.runSequentially(SuiteRunner.java:437)
at org.testng.SuiteRunner.privateRun(SuiteRunner.java:397)
at org.testng.SuiteRunner.run(SuiteRunner.java:336)
at org.testng.SuiteRunnerWorker.runSuite(SuiteRunnerWorker.java:52)
at org.testng.SuiteRunnerWorker.run(SuiteRunnerWorker.java:95)
at org.testng.TestNG.runSuitesSequentially(TestNG.java:1280)
at org.testng.TestNG.runSuitesLocally(TestNG.java:1200)
at org.testng.TestNG.runSuites(TestNG.java:1114)
at org.testng.TestNG.run(TestNG.java:1082)
at org.apache.maven.surefire.testng.TestNGExecutor.run(TestNGExecutor.java:308)
at org.apache.maven.surefire.testng.TestNGXmlTestSuite.execute(TestNGXmlTestSuite.java:71)
at org.apache.maven.surefire.testng.TestNGProvider.invoke(TestNGProvider.java:113)
at org.apache.maven.surefire.booter.ForkedBooter.runSuitesInProcess(ForkedBooter.java:385)
at org.apache.maven.surefire.booter.ForkedBooter.execute(ForkedBooter.java:162)
at org.apache.maven.surefire.booter.ForkedBooter.run(ForkedBooter.java:507)
at org.apache.maven.surefire.booter.ForkedBooter.main(ForkedBooter.java:495)
]]>
            </full-stacktrace>
          </exception> <!-- java.lang.AssertionError -->
          <reporter-output>
          </reporter-output>
        </test-method> <!-- verifyUsernameIsDisplayed -->
        <test-method is-config="true" signature="tearDown()[pri:0, instance:tests.HomePageTest@7cedfa63]" started-at="2024-02-06T18:44:12 GMT+05:30" name="tearDown" finished-at="2024-02-06T18:44:13 GMT+05:30" duration-ms="766" status="PASS">
          <reporter-output>
          </reporter-output>
        </test-method> <!-- tearDown -->
      </class> <!-- tests.HomePageTest -->
      <class name="tests.AdminPageTest">
        <test-method is-config="true" signature="setUp()[pri:0, instance:tests.AdminPageTest@3e83c18]" started-at="2024-02-06T18:44:13 GMT+05:30" name="setUp" finished-at="2024-02-06T18:44:23 GMT+05:30" duration-ms="10294" status="PASS">
          <reporter-output>
          </reporter-output>
        </test-method> <!-- setUp -->
        <test-method signature="adminBreadcrumbTest()[pri:0, instance:tests.AdminPageTest@3e83c18]" started-at="2024-02-06T18:44:23 GMT+05:30" name="adminBreadcrumbTest" finished-at="2024-02-06T18:44:24 GMT+05:30" duration-ms="643" status="PASS">
          <reporter-output>
          </reporter-output>
        </test-method> <!-- adminBreadcrumbTest -->
        <test-method is-config="true" signature="tearDown()[pri:0, instance:tests.AdminPageTest@3e83c18]" started-at="2024-02-06T18:44:24 GMT+05:30" name="tearDown" finished-at="2024-02-06T18:44:24 GMT+05:30" duration-ms="429" status="PASS">
          <reporter-output>
          </reporter-output>
        </test-method> <!-- tearDown -->
        <test-method is-config="true" signature="setUp()[pri:0, instance:tests.AdminPageTest@3e83c18]" started-at="2024-02-06T18:44:24 GMT+05:30" name="setUp" finished-at="2024-02-06T18:44:36 GMT+05:30" duration-ms="11463" status="PASS">
          <reporter-output>
          </reporter-output>
        </test-method> <!-- setUp -->
        <test-method signature="urlTest()[pri:0, instance:tests.AdminPageTest@3e83c18]" started-at="2024-02-06T18:44:36 GMT+05:30" name="urlTest" finished-at="2024-02-06T18:44:36 GMT+05:30" duration-ms="11" status="PASS">
          <reporter-output>
          </reporter-output>
        </test-method> <!-- urlTest -->
        <test-method is-config="true" signature="tearDown()[pri:0, instance:tests.AdminPageTest@3e83c18]" started-at="2024-02-06T18:44:36 GMT+05:30" name="tearDown" finished-at="2024-02-06T18:44:36 GMT+05:30" duration-ms="426" status="PASS">
          <reporter-output>
          </reporter-output>
        </test-method> <!-- tearDown -->
        <test-method is-config="true" signature="setUp()[pri:0, instance:tests.AdminPageTest@3e83c18]" started-at="2024-02-06T18:44:36 GMT+05:30" name="setUp" finished-at="2024-02-06T18:44:47 GMT+05:30" duration-ms="10919" status="PASS">
          <reporter-output>
          </reporter-output>
        </test-method> <!-- setUp -->
        <test-method signature="verifyFooterLink()[pri:0, instance:tests.AdminPageTest@3e83c18]" started-at="2024-02-06T18:44:47 GMT+05:30" name="verifyFooterLink" finished-at="2024-02-06T18:44:48 GMT+05:30" duration-ms="546" status="PASS">
          <reporter-output>
          </reporter-output>
        </test-method> <!-- verifyFooterLink -->
        <test-method is-config="true" signature="tearDown()[pri:0, instance:tests.AdminPageTest@3e83c18]" started-at="2024-02-06T18:44:48 GMT+05:30" name="tearDown" finished-at="2024-02-06T18:44:48 GMT+05:30" duration-ms="470" status="PASS">
          <reporter-output>
          </reporter-output>
        </test-method> <!-- tearDown -->
        <test-method is-config="true" signature="setUp()[pri:0, instance:tests.AdminPageTest@3e83c18]" started-at="2024-02-06T18:44:48 GMT+05:30" name="setUp" finished-at="2024-02-06T18:44:59 GMT+05:30" duration-ms="11079" status="PASS">
          <reporter-output>
          </reporter-output>
        </test-method> <!-- setUp -->
        <test-method signature="verifyJobTitleHeading()[pri:0, instance:tests.AdminPageTest@3e83c18]" started-at="2024-02-06T18:44:59 GMT+05:30" name="verifyJobTitleHeading" finished-at="2024-02-06T18:45:01 GMT+05:30" duration-ms="1566" status="PASS">
          <reporter-output>
          </reporter-output>
        </test-method> <!-- verifyJobTitleHeading -->
        <test-method is-config="true" signature="tearDown()[pri:0, instance:tests.AdminPageTest@3e83c18]" started-at="2024-02-06T18:45:01 GMT+05:30" name="tearDown" finished-at="2024-02-06T18:45:01 GMT+05:30" duration-ms="460" status="PASS">
          <reporter-output>
          </reporter-output>
        </test-method> <!-- tearDown -->
      </class> <!-- tests.AdminPageTest -->
    </test> <!-- Test -->
  </suite> <!-- Suite -->
</testng-results>
