<?xml version="1.0" encoding="UTF-8"?>
<testng-results ignored="0" total="16" passed="15" failed="1" skipped="0">
  <reporter-output>
  </reporter-output>
  <suite started-at="2024-02-07T23:06:35 GMT+05:30" name="Suite" finished-at="2024-02-07T23:12:20 GMT+05:30" duration-ms="345017">
    <groups>
    </groups>
    <test started-at="2024-02-07T23:06:35 GMT+05:30" name="Test" finished-at="2024-02-07T23:12:20 GMT+05:30" duration-ms="345017">
      <class name="tests.LoginTest">
        <test-method is-config="true" signature="setUp()[pri:0, instance:tests.LoginTest@5ad1904f]" started-at="2024-02-07T23:06:35 GMT+05:30" name="setUp" finished-at="2024-02-07T23:06:53 GMT+05:30" duration-ms="17904" status="PASS">
          <reporter-output>
          </reporter-output>
        </test-method> <!-- setUp -->
        <test-method signature="loginTestInValidPassword()[pri:0, instance:tests.LoginTest@5ad1904f]" started-at="2024-02-07T23:06:53 GMT+05:30" name="loginTestInValidPassword" finished-at="2024-02-07T23:06:54 GMT+05:30" duration-ms="1145" status="PASS">
          <reporter-output>
          </reporter-output>
        </test-method> <!-- loginTestInValidPassword -->
        <test-method is-config="true" signature="tearDown()[pri:0, instance:tests.LoginTest@5ad1904f]" started-at="2024-02-07T23:06:54 GMT+05:30" name="tearDown" finished-at="2024-02-07T23:06:55 GMT+05:30" duration-ms="383" status="PASS">
          <reporter-output>
          </reporter-output>
        </test-method> <!-- tearDown -->
        <test-method is-config="true" signature="setUp()[pri:0, instance:tests.LoginTest@5ad1904f]" started-at="2024-02-07T23:06:55 GMT+05:30" name="setUp" finished-at="2024-02-07T23:07:05 GMT+05:30" duration-ms="10285" status="PASS">
          <reporter-output>
          </reporter-output>
        </test-method> <!-- setUp -->
        <test-method signature="loginTestInValidUsername()[pri:0, instance:tests.LoginTest@5ad1904f]" started-at="2024-02-07T23:07:05 GMT+05:30" name="loginTestInValidUsername" finished-at="2024-02-07T23:07:06 GMT+05:30" duration-ms="1151" status="PASS">
          <reporter-output>
          </reporter-output>
        </test-method> <!-- loginTestInValidUsername -->
        <test-method is-config="true" signature="tearDown()[pri:0, instance:tests.LoginTest@5ad1904f]" started-at="2024-02-07T23:07:06 GMT+05:30" name="tearDown" finished-at="2024-02-07T23:07:07 GMT+05:30" duration-ms="454" status="PASS">
          <reporter-output>
          </reporter-output>
        </test-method> <!-- tearDown -->
        <test-method is-config="true" signature="setUp()[pri:0, instance:tests.LoginTest@5ad1904f]" started-at="2024-02-07T23:07:07 GMT+05:30" name="setUp" finished-at="2024-02-07T23:07:10 GMT+05:30" duration-ms="2973" status="PASS">
          <reporter-output>
          </reporter-output>
        </test-method> <!-- setUp -->
        <test-method signature="loginTestInValidUsernamePassword()[pri:0, instance:tests.LoginTest@5ad1904f]" started-at="2024-02-07T23:07:10 GMT+05:30" name="loginTestInValidUsernamePassword" finished-at="2024-02-07T23:07:17 GMT+05:30" duration-ms="6772" status="PASS">
          <reporter-output>
          </reporter-output>
        </test-method> <!-- loginTestInValidUsernamePassword -->
        <test-method is-config="true" signature="tearDown()[pri:0, instance:tests.LoginTest@5ad1904f]" started-at="2024-02-07T23:07:17 GMT+05:30" name="tearDown" finished-at="2024-02-07T23:07:17 GMT+05:30" duration-ms="369" status="PASS">
          <reporter-output>
          </reporter-output>
        </test-method> <!-- tearDown -->
        <test-method is-config="true" signature="setUp()[pri:0, instance:tests.LoginTest@5ad1904f]" started-at="2024-02-07T23:07:17 GMT+05:30" name="setUp" finished-at="2024-02-07T23:07:26 GMT+05:30" duration-ms="9233" status="PASS">
          <reporter-output>
          </reporter-output>
        </test-method> <!-- setUp -->
        <test-method signature="loginTestValidUsernamePassword()[pri:0, instance:tests.LoginTest@5ad1904f]" started-at="2024-02-07T23:07:26 GMT+05:30" name="loginTestValidUsernamePassword" finished-at="2024-02-07T23:07:28 GMT+05:30" duration-ms="2263" status="PASS">
          <reporter-output>
          </reporter-output>
        </test-method> <!-- loginTestValidUsernamePassword -->
        <test-method is-config="true" signature="tearDown()[pri:0, instance:tests.LoginTest@5ad1904f]" started-at="2024-02-07T23:07:28 GMT+05:30" name="tearDown" finished-at="2024-02-07T23:07:29 GMT+05:30" duration-ms="430" status="PASS">
          <reporter-output>
          </reporter-output>
        </test-method> <!-- tearDown -->
      </class> <!-- tests.LoginTest -->
      <class name="tests.HomePageTest">
        <test-method is-config="true" signature="setUp()[pri:0, instance:tests.HomePageTest@7df28f1]" started-at="2024-02-07T23:07:29 GMT+05:30" name="setUp" finished-at="2024-02-07T23:07:41 GMT+05:30" duration-ms="12077" status="PASS">
          <reporter-output>
          </reporter-output>
        </test-method> <!-- setUp -->
        <test-method signature="verifyApplyLeaveBtnTest()[pri:0, instance:tests.HomePageTest@7df28f1]" started-at="2024-02-07T23:07:41 GMT+05:30" name="verifyApplyLeaveBtnTest" finished-at="2024-02-07T23:07:42 GMT+05:30" duration-ms="1286" status="PASS">
          <reporter-output>
          </reporter-output>
        </test-method> <!-- verifyApplyLeaveBtnTest -->
        <test-method is-config="true" signature="tearDown()[pri:0, instance:tests.HomePageTest@7df28f1]" started-at="2024-02-07T23:07:42 GMT+05:30" name="tearDown" finished-at="2024-02-07T23:07:43 GMT+05:30" duration-ms="566" status="PASS">
          <reporter-output>
          </reporter-output>
        </test-method> <!-- tearDown -->
        <test-method is-config="true" signature="setUp()[pri:0, instance:tests.HomePageTest@7df28f1]" started-at="2024-02-07T23:07:43 GMT+05:30" name="setUp" finished-at="2024-02-07T23:07:55 GMT+05:30" duration-ms="12097" status="PASS">
          <reporter-output>
          </reporter-output>
        </test-method> <!-- setUp -->
        <test-method signature="verifyAssignLeaveBtnTest()[pri:0, instance:tests.HomePageTest@7df28f1]" started-at="2024-02-07T23:07:55 GMT+05:30" name="verifyAssignLeaveBtnTest" finished-at="2024-02-07T23:07:58 GMT+05:30" duration-ms="2655" status="PASS">
          <reporter-output>
          </reporter-output>
        </test-method> <!-- verifyAssignLeaveBtnTest -->
        <test-method is-config="true" signature="tearDown()[pri:0, instance:tests.HomePageTest@7df28f1]" started-at="2024-02-07T23:07:58 GMT+05:30" name="tearDown" finished-at="2024-02-07T23:07:58 GMT+05:30" duration-ms="377" status="PASS">
          <reporter-output>
          </reporter-output>
        </test-method> <!-- tearDown -->
        <test-method is-config="true" signature="setUp()[pri:0, instance:tests.HomePageTest@7df28f1]" started-at="2024-02-07T23:07:58 GMT+05:30" name="setUp" finished-at="2024-02-07T23:08:15 GMT+05:30" duration-ms="16933" status="PASS">
          <reporter-output>
          </reporter-output>
        </test-method> <!-- setUp -->
        <test-method signature="verifyHomePageTitleTest()[pri:0, instance:tests.HomePageTest@7df28f1]" started-at="2024-02-07T23:08:15 GMT+05:30" name="verifyHomePageTitleTest" finished-at="2024-02-07T23:08:15 GMT+05:30" duration-ms="12" status="PASS">
          <reporter-output>
          </reporter-output>
        </test-method> <!-- verifyHomePageTitleTest -->
        <test-method is-config="true" signature="tearDown()[pri:0, instance:tests.HomePageTest@7df28f1]" started-at="2024-02-07T23:08:15 GMT+05:30" name="tearDown" finished-at="2024-02-07T23:08:15 GMT+05:30" duration-ms="404" status="PASS">
          <reporter-output>
          </reporter-output>
        </test-method> <!-- tearDown -->
        <test-method is-config="true" signature="setUp()[pri:0, instance:tests.HomePageTest@7df28f1]" started-at="2024-02-07T23:08:15 GMT+05:30" name="setUp" finished-at="2024-02-07T23:08:45 GMT+05:30" duration-ms="29657" status="PASS">
          <reporter-output>
          </reporter-output>
        </test-method> <!-- setUp -->
        <test-method signature="verifyLeaveListBtnTest()[pri:0, instance:tests.HomePageTest@7df28f1]" started-at="2024-02-07T23:08:45 GMT+05:30" name="verifyLeaveListBtnTest" finished-at="2024-02-07T23:08:47 GMT+05:30" duration-ms="2431" status="PASS">
          <reporter-output>
          </reporter-output>
        </test-method> <!-- verifyLeaveListBtnTest -->
        <test-method is-config="true" signature="tearDown()[pri:0, instance:tests.HomePageTest@7df28f1]" started-at="2024-02-07T23:08:48 GMT+05:30" name="tearDown" finished-at="2024-02-07T23:08:48 GMT+05:30" duration-ms="480" status="PASS">
          <reporter-output>
          </reporter-output>
        </test-method> <!-- tearDown -->
        <test-method is-config="true" signature="setUp()[pri:0, instance:tests.HomePageTest@7df28f1]" started-at="2024-02-07T23:08:48 GMT+05:30" name="setUp" finished-at="2024-02-07T23:08:59 GMT+05:30" duration-ms="10506" status="PASS">
          <reporter-output>
          </reporter-output>
        </test-method> <!-- setUp -->
        <test-method signature="verifyMyLeaveBtnTest()[pri:0, instance:tests.HomePageTest@7df28f1]" started-at="2024-02-07T23:08:59 GMT+05:30" name="verifyMyLeaveBtnTest" finished-at="2024-02-07T23:09:01 GMT+05:30" duration-ms="2379" status="PASS">
          <reporter-output>
          </reporter-output>
        </test-method> <!-- verifyMyLeaveBtnTest -->
        <test-method is-config="true" signature="tearDown()[pri:0, instance:tests.HomePageTest@7df28f1]" started-at="2024-02-07T23:09:01 GMT+05:30" name="tearDown" finished-at="2024-02-07T23:09:02 GMT+05:30" duration-ms="469" status="PASS">
          <reporter-output>
          </reporter-output>
        </test-method> <!-- tearDown -->
        <test-method is-config="true" signature="setUp()[pri:0, instance:tests.HomePageTest@7df28f1]" started-at="2024-02-07T23:09:02 GMT+05:30" name="setUp" finished-at="2024-02-07T23:10:44 GMT+05:30" duration-ms="102637" status="PASS">
          <reporter-output>
          </reporter-output>
        </test-method> <!-- setUp -->
        <test-method signature="verifyMyTimesheetsBtnTest()[pri:0, instance:tests.HomePageTest@7df28f1]" started-at="2024-02-07T23:10:44 GMT+05:30" name="verifyMyTimesheetsBtnTest" finished-at="2024-02-07T23:10:48 GMT+05:30" duration-ms="3445" status="PASS">
          <reporter-output>
          </reporter-output>
        </test-method> <!-- verifyMyTimesheetsBtnTest -->
        <test-method is-config="true" signature="tearDown()[pri:0, instance:tests.HomePageTest@7df28f1]" started-at="2024-02-07T23:10:48 GMT+05:30" name="tearDown" finished-at="2024-02-07T23:10:48 GMT+05:30" duration-ms="501" status="PASS">
          <reporter-output>
          </reporter-output>
        </test-method> <!-- tearDown -->
        <test-method is-config="true" signature="setUp()[pri:0, instance:tests.HomePageTest@7df28f1]" started-at="2024-02-07T23:10:48 GMT+05:30" name="setUp" finished-at="2024-02-07T23:10:58 GMT+05:30" duration-ms="9502" status="PASS">
          <reporter-output>
          </reporter-output>
        </test-method> <!-- setUp -->
        <test-method signature="verifyTimesheetsBtnTest()[pri:0, instance:tests.HomePageTest@7df28f1]" started-at="2024-02-07T23:10:58 GMT+05:30" name="verifyTimesheetsBtnTest" finished-at="2024-02-07T23:11:00 GMT+05:30" duration-ms="2416" status="PASS">
          <reporter-output>
          </reporter-output>
        </test-method> <!-- verifyTimesheetsBtnTest -->
        <test-method is-config="true" signature="tearDown()[pri:0, instance:tests.HomePageTest@7df28f1]" started-at="2024-02-07T23:11:00 GMT+05:30" name="tearDown" finished-at="2024-02-07T23:11:01 GMT+05:30" duration-ms="421" status="PASS">
          <reporter-output>
          </reporter-output>
        </test-method> <!-- tearDown -->
        <test-method is-config="true" signature="setUp()[pri:0, instance:tests.HomePageTest@7df28f1]" started-at="2024-02-07T23:11:01 GMT+05:30" name="setUp" finished-at="2024-02-07T23:11:26 GMT+05:30" duration-ms="25557" status="PASS">
          <reporter-output>
          </reporter-output>
        </test-method> <!-- setUp -->
        <test-method signature="verifyUsernameIsDisplayed()[pri:0, instance:tests.HomePageTest@7df28f1]" started-at="2024-02-07T23:11:26 GMT+05:30" name="verifyUsernameIsDisplayed" finished-at="2024-02-07T23:11:27 GMT+05:30" duration-ms="479" status="FAIL">
          <exception class="java.lang.AssertionError">
            <message>
              <![CDATA[Incorrect username is displayed expected [Rahul] but found [Test 2 Ross]]]>
            </message>
            <full-stacktrace>
              <![CDATA[java.lang.AssertionError: Incorrect username is displayed expected [Rahul] but found [Test 2 Ross]
at org.testng.Assert.fail(Assert.java:99)
at org.testng.Assert.failNotEquals(Assert.java:1037)
at org.testng.Assert.assertEqualsImpl(Assert.java:140)
at org.testng.Assert.assertEquals(Assert.java:122)
at org.testng.Assert.assertEquals(Assert.java:629)
at tests.HomePageTest.verifyUsernameIsDisplayed(HomePageTest.java:125)
at java.base/jdk.internal.reflect.NativeMethodAccessorImpl.invoke0(Native Method)
at java.base/jdk.internal.reflect.NativeMethodAccessorImpl.invoke(NativeMethodAccessorImpl.java:77)
at java.base/jdk.internal.reflect.DelegatingMethodAccessorImpl.invoke(DelegatingMethodAccessorImpl.java:43)
at java.base/java.lang.reflect.Method.invoke(Method.java:568)
at org.testng.internal.MethodInvocationHelper.invokeMethod(MethodInvocationHelper.java:133)
at org.testng.internal.TestInvoker.invokeMethod(TestInvoker.java:598)
at org.testng.internal.TestInvoker.invokeTestMethod(TestInvoker.java:173)
at org.testng.internal.MethodRunner.runInSequence(MethodRunner.java:46)
at org.testng.internal.TestInvoker$MethodInvocationAgent.invoke(TestInvoker.java:824)
at org.testng.internal.TestInvoker.invokeTestMethods(TestInvoker.java:146)
at org.testng.internal.TestMethodWorker.invokeTestMethods(TestMethodWorker.java:146)
at org.testng.internal.TestMethodWorker.run(TestMethodWorker.java:128)
at java.base/java.util.ArrayList.forEach(ArrayList.java:1511)
at org.testng.TestRunner.privateRun(TestRunner.java:794)
at org.testng.TestRunner.run(TestRunner.java:596)
at org.testng.SuiteRunner.runTest(SuiteRunner.java:377)
at org.testng.SuiteRunner.runSequentially(SuiteRunner.java:371)
at org.testng.SuiteRunner.privateRun(SuiteRunner.java:332)
at org.testng.SuiteRunner.run(SuiteRunner.java:276)
at org.testng.SuiteRunnerWorker.runSuite(SuiteRunnerWorker.java:53)
at org.testng.SuiteRunnerWorker.run(SuiteRunnerWorker.java:96)
at org.testng.TestNG.runSuitesSequentially(TestNG.java:1212)
at org.testng.TestNG.runSuitesLocally(TestNG.java:1134)
at org.testng.TestNG.runSuites(TestNG.java:1063)
at org.testng.TestNG.run(TestNG.java:1031)
at org.testng.remote.AbstractRemoteTestNG.run(AbstractRemoteTestNG.java:115)
at org.testng.remote.RemoteTestNG.initAndRun(RemoteTestNG.java:251)
at org.testng.remote.RemoteTestNG.main(RemoteTestNG.java:77)
]]>
            </full-stacktrace>
          </exception> <!-- java.lang.AssertionError -->
          <reporter-output>
          </reporter-output>
        </test-method> <!-- verifyUsernameIsDisplayed -->
        <test-method is-config="true" signature="tearDown()[pri:0, instance:tests.HomePageTest@7df28f1]" started-at="2024-02-07T23:11:27 GMT+05:30" name="tearDown" finished-at="2024-02-07T23:11:27 GMT+05:30" duration-ms="389" status="PASS">
          <reporter-output>
          </reporter-output>
        </test-method> <!-- tearDown -->
      </class> <!-- tests.HomePageTest -->
      <class name="tests.AdminPageTest">
        <test-method is-config="true" signature="setUp()[pri:0, instance:tests.AdminPageTest@4087c7fc]" started-at="2024-02-07T23:11:27 GMT+05:30" name="setUp" finished-at="2024-02-07T23:11:38 GMT+05:30" duration-ms="11418" status="PASS">
          <reporter-output>
          </reporter-output>
        </test-method> <!-- setUp -->
        <test-method signature="adminBreadcrumbTest()[pri:0, instance:tests.AdminPageTest@4087c7fc]" started-at="2024-02-07T23:11:38 GMT+05:30" name="adminBreadcrumbTest" finished-at="2024-02-07T23:11:39 GMT+05:30" duration-ms="544" status="PASS">
          <reporter-output>
          </reporter-output>
        </test-method> <!-- adminBreadcrumbTest -->
        <test-method is-config="true" signature="tearDown()[pri:0, instance:tests.AdminPageTest@4087c7fc]" started-at="2024-02-07T23:11:39 GMT+05:30" name="tearDown" finished-at="2024-02-07T23:11:39 GMT+05:30" duration-ms="427" status="PASS">
          <reporter-output>
          </reporter-output>
        </test-method> <!-- tearDown -->
        <test-method is-config="true" signature="setUp()[pri:0, instance:tests.AdminPageTest@4087c7fc]" started-at="2024-02-07T23:11:39 GMT+05:30" name="setUp" finished-at="2024-02-07T23:11:51 GMT+05:30" duration-ms="12003" status="PASS">
          <reporter-output>
          </reporter-output>
        </test-method> <!-- setUp -->
        <test-method signature="urlTest()[pri:0, instance:tests.AdminPageTest@4087c7fc]" started-at="2024-02-07T23:11:51 GMT+05:30" name="urlTest" finished-at="2024-02-07T23:11:52 GMT+05:30" duration-ms="55" status="PASS">
          <reporter-output>
          </reporter-output>
        </test-method> <!-- urlTest -->
        <test-method is-config="true" signature="tearDown()[pri:0, instance:tests.AdminPageTest@4087c7fc]" started-at="2024-02-07T23:11:52 GMT+05:30" name="tearDown" finished-at="2024-02-07T23:11:52 GMT+05:30" duration-ms="423" status="PASS">
          <reporter-output>
          </reporter-output>
        </test-method> <!-- tearDown -->
        <test-method is-config="true" signature="setUp()[pri:0, instance:tests.AdminPageTest@4087c7fc]" started-at="2024-02-07T23:11:52 GMT+05:30" name="setUp" finished-at="2024-02-07T23:12:04 GMT+05:30" duration-ms="11946" status="PASS">
          <reporter-output>
          </reporter-output>
        </test-method> <!-- setUp -->
        <test-method signature="verifyFooterLink()[pri:0, instance:tests.AdminPageTest@4087c7fc]" started-at="2024-02-07T23:12:04 GMT+05:30" name="verifyFooterLink" finished-at="2024-02-07T23:12:04 GMT+05:30" duration-ms="470" status="PASS">
          <reporter-output>
          </reporter-output>
        </test-method> <!-- verifyFooterLink -->
        <test-method is-config="true" signature="tearDown()[pri:0, instance:tests.AdminPageTest@4087c7fc]" started-at="2024-02-07T23:12:04 GMT+05:30" name="tearDown" finished-at="2024-02-07T23:12:05 GMT+05:30" duration-ms="433" status="PASS">
          <reporter-output>
          </reporter-output>
        </test-method> <!-- tearDown -->
        <test-method is-config="true" signature="setUp()[pri:0, instance:tests.AdminPageTest@4087c7fc]" started-at="2024-02-07T23:12:05 GMT+05:30" name="setUp" finished-at="2024-02-07T23:12:17 GMT+05:30" duration-ms="12094" status="PASS">
          <reporter-output>
          </reporter-output>
        </test-method> <!-- setUp -->
        <test-method signature="verifyJobTitleHeading()[pri:0, instance:tests.AdminPageTest@4087c7fc]" started-at="2024-02-07T23:12:17 GMT+05:30" name="verifyJobTitleHeading" finished-at="2024-02-07T23:12:19 GMT+05:30" duration-ms="2391" status="PASS">
          <reporter-output>
          </reporter-output>
        </test-method> <!-- verifyJobTitleHeading -->
        <test-method is-config="true" signature="tearDown()[pri:0, instance:tests.AdminPageTest@4087c7fc]" started-at="2024-02-07T23:12:20 GMT+05:30" name="tearDown" finished-at="2024-02-07T23:12:20 GMT+05:30" duration-ms="379" status="PASS">
          <reporter-output>
          </reporter-output>
        </test-method> <!-- tearDown -->
      </class> <!-- tests.AdminPageTest -->
    </test> <!-- Test -->
  </suite> <!-- Suite -->
</testng-results>
