<?xml version="1.0" encoding="UTF-8"?>
<!-- Generated by org.testng.reporters.JUnitReportReporter -->
<testsuite hostname="RR23" failures="1" tests="8" name="tests.HomePageTest" time="237.676" errors="0" timestamp="2024-02-07T23:12:20 GMT+05:30" skipped="0">
  <testcase classname="tests.HomePageTest" name="verifyLeaveListBtnTest" time="28.409"/>
  <system-out/>
  <testcase classname="tests.HomePageTest" name="verifyMyTimesheetsBtnTest" time="33.603"/>
  <system-out/>
  <testcase classname="tests.HomePageTest" name="verifyHomePageTitleTest" time="12.498"/>
  <system-out/>
  <testcase classname="tests.HomePageTest" name="verifyUsernameIsDisplayed" time="17.892">
    <failure message="Incorrect username is displayed expected [Rahul] but found [Test 2 Ross]" type="java.lang.AssertionError">
      <![CDATA[java.lang.AssertionError: Incorrect username is displayed expected [Rahul] but found [Test 2 Ross]
at org.testng.Assert.fail(Assert.java:99)
at org.testng.Assert.failNotEquals(Assert.java:1037)
at org.testng.Assert.assertEqualsImpl(Assert.java:140)
at org.testng.Assert.assertEquals(Assert.java:122)
at org.testng.Assert.assertEquals(Assert.java:629)
at tests.HomePageTest.verifyUsernameIsDisplayed(HomePageTest.java:125)
at java.base/jdk.internal.reflect.NativeMethodAccessorImpl.invoke0(Native Method)
at java.base/jdk.internal.reflect.NativeMethodAccessorImpl.invoke(NativeMethodAccessorImpl.java:77)
at java.base/jdk.internal.reflect.DelegatingMethodAccessorImpl.invoke(DelegatingMethodAccessorImpl.java:43)
at java.base/java.lang.reflect.Method.invoke(Method.java:568)
at org.testng.internal.MethodInvocationHelper.invokeMethod(MethodInvocationHelper.java:133)
at org.testng.internal.TestInvoker.invokeMethod(TestInvoker.java:598)
at org.testng.internal.TestInvoker.invokeTestMethod(TestInvoker.java:173)
at org.testng.internal.MethodRunner.runInSequence(MethodRunner.java:46)
at org.testng.internal.TestInvoker$MethodInvocationAgent.invoke(TestInvoker.java:824)
at org.testng.internal.TestInvoker.invokeTestMethods(TestInvoker.java:146)
at org.testng.internal.TestMethodWorker.invokeTestMethods(TestMethodWorker.java:146)
at org.testng.internal.TestMethodWorker.run(TestMethodWorker.java:128)
at java.base/java.util.ArrayList.forEach(ArrayList.java:1511)
at org.testng.TestRunner.privateRun(TestRunner.java:794)
at org.testng.TestRunner.run(TestRunner.java:596)
at org.testng.SuiteRunner.runTest(SuiteRunner.java:377)
at org.testng.SuiteRunner.runSequentially(SuiteRunner.java:371)
at org.testng.SuiteRunner.privateRun(SuiteRunner.java:332)
at org.testng.SuiteRunner.run(SuiteRunner.java:276)
at org.testng.SuiteRunnerWorker.runSuite(SuiteRunnerWorker.java:53)
at org.testng.SuiteRunnerWorker.run(SuiteRunnerWorker.java:96)
at org.testng.TestNG.runSuitesSequentially(TestNG.java:1212)
at org.testng.TestNG.runSuitesLocally(TestNG.java:1134)
at org.testng.TestNG.runSuites(TestNG.java:1063)
at org.testng.TestNG.run(TestNG.java:1031)
at org.testng.remote.AbstractRemoteTestNG.run(AbstractRemoteTestNG.java:115)
at org.testng.remote.RemoteTestNG.initAndRun(RemoteTestNG.java:251)
at org.testng.remote.RemoteTestNG.main(RemoteTestNG.java:77)
]]>
    </failure>
  </testcase> <!-- verifyUsernameIsDisplayed -->
  <system-out/>
  <testcase classname="tests.HomePageTest" name="verifyApplyLeaveBtnTest" time="104.392"/>
  <system-out/>
  <testcase classname="tests.HomePageTest" name="verifyTimesheetsBtnTest" time="13.488"/>
  <system-out/>
  <testcase classname="tests.HomePageTest" name="verifyAssignLeaveBtnTest" time="12.534"/>
  <system-out/>
  <testcase classname="tests.HomePageTest" name="verifyMyLeaveBtnTest" time="14.860"/>
  <system-out/>
</testsuite> <!-- tests.HomePageTest -->
